[2016.05.29-22.46.11:498][  0]Log file open, 05/29/16 18:46:11
[2016.05.29-22.46.11:498][  0]LogInit:Display: Running engine for game: Relapse
[2016.05.29-22.46.11:498][  0]LogInit:Display: RandInit(-1923203295) SRandInit(-1923203294).
[2016.05.29-22.46.11:498][  0]LogTaskGraph: Started task graph with 4 named threads and 5 total threads.
[2016.05.29-22.46.11:498][  0]LogStats: Stats thread started at 0.167191
[2016.05.29-22.46.11:498][  0]LogInit: Version: 4.9.2-2707645+++depot+UE4-Releases+4.9
[2016.05.29-22.46.11:498][  0]LogInit: API Version: 2672455
[2016.05.29-22.46.11:498][  0]LogInit: Compiled (64-bit): Sep 28 2015 10:25:44
[2016.05.29-22.46.11:498][  0]LogInit: Compiled with Visual C++: 18.00.21005.01
[2016.05.29-22.46.11:498][  0]LogInit: Build Configuration: Development
[2016.05.29-22.46.11:498][  0]LogInit: Branch Name: ++depot+UE4-Releases+4.9
[2016.05.29-22.46.11:498][  0]LogInit: Command line: -EpicPortal 
[2016.05.29-22.46.11:498][  0]LogInit: Base directory: C:/Program Files/Epic Games/4.9/Engine/Binaries/Win64/
[2016.05.29-22.46.11:498][  0]LogInit: Rocket: 1
[2016.05.29-22.46.11:870][  0]LogInit: Using libcurl 7.41.0
[2016.05.29-22.46.11:870][  0]LogInit:  - built for x86_64-pc-win32
[2016.05.29-22.46.11:870][  0]LogInit:  - supports SSL with WinSSL
[2016.05.29-22.46.11:870][  0]LogInit:  - other features:
[2016.05.29-22.46.11:870][  0]LogInit:      CURL_VERSION_SSL
[2016.05.29-22.46.11:870][  0]LogInit:      CURL_VERSION_IPV6
[2016.05.29-22.46.11:870][  0]LogInit:      CURL_VERSION_ASYNCHDNS
[2016.05.29-22.46.11:870][  0]LogInit:      CURL_VERSION_LARGEFILE
[2016.05.29-22.46.11:870][  0]LogInit:      CURL_VERSION_IDN
[2016.05.29-22.46.11:870][  0]LogInit:  CurlRequestOptions (configurable via config and command line):
[2016.05.29-22.46.11:870][  0]LogInit:  - bVerifyPeer = true  - Libcurl will verify peer certificate
[2016.05.29-22.46.11:870][  0]LogInit:  - bUseHttpProxy = false  - Libcurl will NOT use HTTP proxy
[2016.05.29-22.46.11:870][  0]LogInit:  - bDontReuseConnections = false  - Libcurl will reuse connections
[2016.05.29-22.46.11:870][  0]LogInit:  - CertBundlePath = nullptr  - Libcurl will use whatever was configured at build time.
[2016.05.29-22.46.12:270][  0]LogInit: Presizing for 0 objects not considered by GC, pre-allocating 0 bytes.
[2016.05.29-22.46.12:279][  0]LogInit: Object subsystem initialized
[2016.05.29-22.46.12:281][  0]LogInit: Selected Device Profile: [Windows]
[2016.05.29-22.46.12:281][  0]LogInit: Applying CVar settings loaded from the selected device profile: [Windows]
[2016.05.29-22.46.12:406][  0]LogInit: Computer: KAITLYN-PC
[2016.05.29-22.46.12:406][  0]LogInit: User: Kaitlyn
[2016.05.29-22.46.12:406][  0]LogInit: CPU Page size=4096, Cores=2
[2016.05.29-22.46.12:406][  0]LogInit: High frequency timer resolution =3.215439 MHz
[2016.05.29-22.46.12:406][  0]LogMemory: Memory total: Physical=7.9GB (8GB approx)
[2016.05.29-22.46.12:406][  0]LogMemory: Platform Memory Stats for Windows
[2016.05.29-22.46.12:406][  0]LogMemory: Process Physical Memory: 54.10 MB used, 54.10 MB peak
[2016.05.29-22.46.12:406][  0]LogMemory: Process Virtual Memory: 58.66 MB used, 58.66 MB peak
[2016.05.29-22.46.12:406][  0]LogMemory: Physical Memory: 2890.57 MB used, 8087.19 MB total
[2016.05.29-22.46.12:406][  0]LogMemory: Virtual Memory: 340.45 MB used, 8388608.00 MB total
[2016.05.29-22.46.14:151][  0]LogTextLocalizationManager: No specific translations for ('en-US') exist, so ('en') translations will be used.
[2016.05.29-22.46.15:554][  0]LogD3D11RHI: Found D3D11 adapter 0: NVIDIA GeForce GTX 645 (Feature Level 11_0)
[2016.05.29-22.46.15:554][  0]LogD3D11RHI: Adapter has 971MB of dedicated video memory, 0MB of dedicated system memory, and 3072MB of shared system memory, 1 output[s]
[2016.05.29-22.46.17:627][  0]LogD3D11RHI: Found D3D11 adapter 1: NVIDIA GeForce GTX 645 (Feature Level 11_0)
[2016.05.29-22.46.17:627][  0]LogD3D11RHI: Adapter has 971MB of dedicated video memory, 0MB of dedicated system memory, and 3072MB of shared system memory, 0 output[s]
[2016.05.29-22.46.17:627][  0]LogD3D11RHI: Chosen D3D11 Adapter Id = 0
[2016.05.29-22.46.17:637][  0]LogD3D11RHI: !Direct3DDevice
[2016.05.29-22.46.17:637][  0]LogRHI: Texture pool is 680 MB (70% of 971 MB)
[2016.05.29-22.46.17:653][  0]LogD3D11RHI: Async texture creation enabled
[2016.05.29-22.46.17:669][  0]LogShaderCompilers: Guid format shader working directory is 14 characters bigger than the processId version (../../../../../../Users/Kaitlyn/Documents/Unreal Projects/Relapse 4.9/Intermediate/Shaders/WorkingDirectory/12292/).
[2016.05.29-22.46.17:670][  0]LogShaderCompilers: Cleaned the shader compiler working directory '../../../../../../Users/Kaitlyn/Documents/Unreal Projects/Relapse 4.9/Intermediate/Shaders/tmp/320BAD2B433AA43CA45915B09AB5A388/'.
[2016.05.29-22.46.17:670][  0]LogShaderCompilers:Display: Using Local Shader Compiler.
[2016.05.29-22.46.22:642][  0]LogTemp:Display: Loaded TP AllDesktopTargetPlatform
[2016.05.29-22.46.22:703][  0]LogTemp:Display: Loaded TP WindowsClientTargetPlatform
[2016.05.29-22.46.22:771][  0]LogTemp:Display: Loaded TP WindowsNoEditorTargetPlatform
[2016.05.29-22.46.22:880][  0]LogTemp:Display: Loaded TP WindowsServerTargetPlatform
[2016.05.29-22.46.23:057][  0]LogTemp:Display: Loaded TP WindowsTargetPlatform
[2016.05.29-22.46.23:089][  0]LogTemp:Display: Loaded TP AndroidTargetPlatform
[2016.05.29-22.46.23:428][  0]LogTemp:Display: Loaded TP Android_ASTCTargetPlatform
[2016.05.29-22.46.23:538][  0]LogTemp:Display: Loaded TP Android_ATCTargetPlatform
[2016.05.29-22.46.23:590][  0]LogTemp:Display: Loaded TP Android_DXTTargetPlatform
[2016.05.29-22.46.23:909][  0]LogTemp:Display: Loaded TP Android_ETC1TargetPlatform
[2016.05.29-22.46.24:105][  0]LogTemp:Display: Loaded TP Android_ETC2TargetPlatform
[2016.05.29-22.46.24:179][  0]LogTemp:Display: Loaded TP Android_PVRTCTargetPlatform
[2016.05.29-22.46.24:875][  0]LogTemp:Display: Loaded TP HTML5TargetPlatform
[2016.05.29-22.46.25:223][  0]LogTemp:Display: Loaded TP IOSTargetPlatform
[2016.05.29-22.46.25:290][  0]LogTemp:Display: Loaded TP LinuxNoEditorTargetPlatform
[2016.05.29-22.46.25:451][  0]LogTemp:Display: Loaded TP LinuxServerTargetPlatform
[2016.05.29-22.46.25:608][  0]LogTemp:Display: Loaded TP LinuxTargetPlatform
[2016.05.29-22.46.25:608][  0]LogTargetPlatformManager:Display: Building Assets For Windows
[2016.05.29-22.46.28:369][  0]LogDerivedDataCache:Display: Max Cache Size: 512 MB
[2016.05.29-22.46.33:291][  0]LogDerivedDataCache: Loaded boot cache 4.89s 41MB C:/Users/Kaitlyn/AppData/Local/UnrealEngine/4.9/DerivedDataCache/Boot.ddc.
[2016.05.29-22.46.33:291][  0]LogDerivedDataCache:Display: Loaded Boot cache: C:/Users/Kaitlyn/AppData/Local/UnrealEngine/4.9/DerivedDataCache/Boot.ddc
[2016.05.29-22.46.33:291][  0]LogDerivedDataCache: FDerivedDataBackendGraph:  Pak pak cache file ../../../../../../Users/Kaitlyn/Documents/Unreal Projects/Relapse 4.9/DerivedDataCache/DDC.ddp not found, will not use a pak cache.
[2016.05.29-22.46.33:291][  0]LogDerivedDataCache: Unable to find inner node Pak for hierarchical cache Hierarchy.
[2016.05.29-22.46.33:291][  0]LogDerivedDataCache: FDerivedDataBackendGraph:  CompressedPak pak cache file ../../../../../../Users/Kaitlyn/Documents/Unreal Projects/Relapse 4.9/DerivedDataCache/Compressed.ddp not found, will not use a pak cache.
[2016.05.29-22.46.33:291][  0]LogDerivedDataCache: Unable to find inner node CompressedPak for hierarchical cache Hierarchy.
[2016.05.29-22.46.33:969][  0]LogDerivedDataCache:Display: Pak cache opened for reading ../../../Engine/DerivedDataCache/Compressed.ddp.
[2016.05.29-22.46.33:981][  0]LogDerivedDataCache: Using Local data cache path C:/Users/Kaitlyn/AppData/Local/UnrealEngine/Common/DerivedDataCache: Writable
[2016.05.29-22.46.44:183][  0]LogInit: Selected Device Profile: [Windows]
[2016.05.29-22.46.44:184][  0]LogContentStreaming: Texture pool size is 0.000000MB
[2016.05.29-22.46.44:325][  0]LogMeshUtilities: No automatic mesh reduction module available
[2016.05.29-22.46.44:325][  0]LogMeshUtilities: No automatic mesh merging module available
[2016.05.29-22.46.45:135][  0]LogInit: WinSock: version 1.1 (2.2), MaxSocks=32767, MaxUdp=65467
[2016.05.29-22.47.11:238][  0]UdpMessaging: Initializing bridge on interface 0.0.0.0:0 to multicast group 230.0.0.1:6666.
[2016.05.29-22.47.12:123][  0]LogAssetRegistry: FAssetRegistry took 0.0103 seconds to start up
[2016.05.29-22.47.15:321][  0]SourceControl: Info Source control is disabled
[2016.05.29-22.47.15:322][  0]SourceControl: Info Source control is disabled
[2016.05.29-22.47.15:452][  0]SourceControl: Info Source control is disabled
[2016.05.29-22.47.15:568][  0]SourceControl: Info Source control is disabled
[2016.05.29-22.47.17:594][  0]LogLinker:Warning: Asset '../../../Engine/Plugins/Runtime/LeapMotionController/Content/LM_PassthroughMaterial.uasset' has been saved with empty engine version. The asset will be loaded but may be incompatible.
[2016.05.29-22.47.18:155][  0]LogObj: 28361 objects as part of root set at end of initial load.
[2016.05.29-22.47.18:155][  0]LogUObjectAllocator: 6038872 out of 0 bytes used by permanent object pool.
[2016.05.29-22.47.18:482][  0]LogEngine: Initializing Engine...
[2016.05.29-22.47.18:487][  0]LogHMD: Can't find Oculus library dev build: is proper Runtime installed? Version: 0.7.0.0
[2016.05.29-22.47.19:282][  0]LogHMD: SteamVR failed to initialize.  Err: 108
[2016.05.29-22.47.19:545][  0]LogAIModule: Creating AISystem for world NewWorld
[2016.05.29-22.47.19:642][  0]LogInit: XAudio2 using 'Speakers (Realtek High Definition Audio)' : 2 channels at 48 kHz using 32 bits per sample (channel mask 0x3)
[2016.05.29-22.47.19:694][  0]LogInit: FAudioDevice initialized.
[2016.05.29-22.47.19:727][  0]LogDerivedDataCache:Error: Could not save memory cache C:/Users/Kaitlyn/AppData/Local/UnrealEngine/4.9/DerivedDataCache/Boot.ddc.
[2016.05.29-22.47.19:730][  0]LogInit: Texture streaming: Enabled
[2016.05.29-22.47.19:765][  0]LogAnalytics: Creating configured Analytics provider AnalyticsET
[2016.05.29-22.47.19:765][  0]LogAnalytics: [UEEditor.Rocket.Release] APIServer = http://et2.epicgames.com/ET2/. AppVersion = 4.9.2-2707645+++depot+UE4-Releases+4.9
[2016.05.29-22.47.19:766][  0]LogAnalytics: [UEEditor.Rocket.Release] SetUserId 81165e594baac42afe9f2b865a2ff1ad|abd8b3a12bc040f2a254594f876f7354|be1c684a-7263-42c4-b8f9-70bec544cc39
[2016.05.29-22.47.19:788][  0]LogAnalytics: [UEEditor.Rocket.Release] AnalyticsET::StartSession
[2016.05.29-22.47.21:305][  0]LogInit: Transaction tracking system initialized
[2016.05.29-22.47.22:006][  0]BlueprintLog: New page: Editor Load
[2016.05.29-22.47.28:663][  0]LocalizationService: Info Localization service is disabled
[2016.05.29-22.47.29:990][  0]LogConsoleResponse:Display: 
[2016.05.29-22.47.31:131][  0]LogCook:Display: Done creating registry. It took  0.00s.
[2016.05.29-22.47.31:985][  0]LogFileCache: Scanning file cache for directory 'C:/Users/Kaitlyn/Documents/Unreal Projects/Relapse 4.9/Content/' took 0.08s
[2016.05.29-22.47.31:985][  0]SourceControl: Info Source control is disabled
[2016.05.29-22.47.31:985][  0]Cmd: MAP LOAD FILE="../../../../../../Users/Kaitlyn/Documents/Unreal Projects/Relapse 4.9/Content/StarterContent/Maps/Minimal_Default.umap" TEMPLATE=0 SHOWPROGRESS=1 FEATURELEVEL=3
[2016.05.29-22.47.32:010][  0]LightingResults: New page: Lighting Build
[2016.05.29-22.47.32:018][  0]MapCheck: New page: Map Check
[2016.05.29-22.47.32:018][  0]LightingResults: New page: Lighting Build
[2016.05.29-22.47.32:049][  0]LogParticles: Destroying 0 GPU particle simulations for FXSystem 0x0000000024052160
[2016.05.29-22.47.35:764][  0]LogAIModule: Creating AISystem for world Minimal_Default
[2016.05.29-22.47.35:833][  0]LogEditorServer: Finished looking for orphan Actors (0.000 secs)
[2016.05.29-22.47.35:877][  0]Cmd: MAP CHECKDEP NOCLEARLOG
[2016.05.29-22.47.36:006][  0]MapCheck:Warning: Warning StaticMeshComponent0 StaticMeshComponent /Game/StarterContent/Maps/Minimal_Default.Minimal_Default:PersistentLevel.Statue.StaticMeshComponent0 : Externally referenced 
[2016.05.29-22.47.36:006][  0]MapCheck:Warning: Warning StaticMeshComponent0 StaticMeshComponent /Game/StarterContent/Maps/Minimal_Default.Minimal_Default:PersistentLevel.Floor_14.StaticMeshComponent0 : Externally referenced 
[2016.05.29-22.47.36:007][  0]MapCheck:Warning: Warning StaticMeshComponent0 StaticMeshComponent /Game/StarterContent/Maps/Minimal_Default.Minimal_Default:PersistentLevel.Statue.StaticMeshComponent0 : Externally referenced 
[2016.05.29-22.47.36:007][  0]MapCheck:Warning: Warning StaticMeshComponent0 StaticMeshComponent /Game/StarterContent/Maps/Minimal_Default.Minimal_Default:PersistentLevel.Floor.StaticMeshComponent0 : Externally referenced 
[2016.05.29-22.47.36:007][  0]MapCheck:Warning: Warning StaticMeshComponent0 StaticMeshComponent /Game/StarterContent/Maps/Minimal_Default.Minimal_Default:PersistentLevel.Chair.StaticMeshComponent0 : Externally referenced 
[2016.05.29-22.47.36:007][  0]MapCheck:Warning: Warning StaticMeshComponent0 StaticMeshComponent /Game/StarterContent/Maps/Minimal_Default.Minimal_Default:PersistentLevel.Chair_15.StaticMeshComponent0 : Externally referenced 
[2016.05.29-22.47.36:007][  0]MapCheck:Warning: Warning StaticMeshComponent0 StaticMeshComponent /Game/StarterContent/Maps/Minimal_Default.Minimal_Default:PersistentLevel.Floor.StaticMeshComponent0 : Externally referenced 
[2016.05.29-22.47.36:007][  0]MapCheck:Warning: Warning StaticMeshComponent0 StaticMeshComponent /Game/StarterContent/Maps/Minimal_Default.Minimal_Default:PersistentLevel.Floor_14.StaticMeshComponent0 : Externally referenced 
[2016.05.29-22.47.36:007][  0]MapCheck:Warning: Warning AudioComponent0 AudioComponent /Game/StarterContent/Maps/Minimal_Default.Minimal_Default:PersistentLevel.Starter_Background_Cue_2.AudioComponent0 : Externally referenced 
[2016.05.29-22.47.36:007][  0]MapCheck:Warning: Warning StaticMeshComponent0 StaticMeshComponent /Game/StarterContent/Maps/Minimal_Default.Minimal_Default:PersistentLevel.Chair.StaticMeshComponent0 : Externally referenced 
[2016.05.29-22.47.36:007][  0]MapCheck:Warning: Warning StaticMeshComponent0 StaticMeshComponent /Game/StarterContent/Maps/Minimal_Default.Minimal_Default:PersistentLevel.Chair_15.StaticMeshComponent0 : Externally referenced 
[2016.05.29-22.47.36:007][  0]MapCheck:Warning: Warning StaticMeshComponent0 StaticMeshComponent /Game/StarterContent/Maps/Minimal_Default.Minimal_Default:PersistentLevel.Statue.StaticMeshComponent0 : Externally referenced 
[2016.05.29-22.47.36:007][  0]MapCheck:Warning: Warning StaticMeshComponent0 StaticMeshComponent /Game/StarterContent/Maps/Minimal_Default.Minimal_Default:PersistentLevel.Table.StaticMeshComponent0 : Externally referenced 
[2016.05.29-22.47.36:008][  0]MapCheck: Info Map check complete: 0 Error(s), 13 Warning(s), took 129.105ms to complete.
[2016.05.29-22.47.36:021][  0]LogFileHelpers: Loading map 'Minimal_Default' took 4.035
[2016.05.29-22.47.36:510][  0]LogCollectionManager: Loaded 0 collections in 0.004810 seconds
[2016.05.29-22.47.36:612][  0]LogFileCache: Scanning file cache for directory 'C:/Users/Kaitlyn/Documents/Unreal Projects/Relapse 4.9/Saved/Collections/' took 0.02s
[2016.05.29-22.47.36:612][  0]LogFileCache: Scanning file cache for directory 'C:/Users/Kaitlyn/Documents/Unreal Projects/Relapse 4.9/Content/Developers/Kaitlyn/Collections/' took 0.01s
[2016.05.29-22.47.36:612][  0]LogFileCache: Scanning file cache for directory 'C:/Users/Kaitlyn/Documents/Unreal Projects/Relapse 4.9/Content/Collections/' took 0.05s
[2016.05.29-22.47.36:612][  0]LogContentBrowser: Native class hierarchy populated in 0.0128 seconds. Added 1867 classes and 333 folders.
[2016.05.29-22.47.36:637][  0]LogCollectionManager: Rebuilt the GUID cache for 0 collections in 0.000010 seconds
[2016.05.29-22.47.36:651][  0]LogContentBrowser: Native class hierarchy updated for 'WidgetCarousel' in 0.0005 seconds. Added 0 classes and 0 folders.
[2016.05.29-22.47.40:430][  0]LogContentBrowser: Native class hierarchy updated for 'AddContentDialog' in 0.0004 seconds. Added 0 classes and 0 folders.
[2016.05.29-22.47.40:541][  0]LogContentBrowser: Native class hierarchy updated for 'SceneOutliner' in 0.0004 seconds. Added 1 classes and 2 folders.
[2016.05.29-22.47.40:683][  0]LogCrashTracker: Crashtracker disabled due to settings.
[2016.05.29-22.47.40:687][  0]LogUObjectGlobals:Warning: Failed to find object 'Class None.'
[2016.05.29-22.47.40:709][  0]LogLoad: Full Startup: 91.71 seconds (BP compile: 0.08 seconds)
[2016.05.29-22.47.41:219][  0]LogContentStreaming: Texture pool size now 1000 MB
[2016.05.29-22.47.41:384][  0]LogRenderer: Reallocating scene render targets to support 748x496 (Frame:2).
[2016.05.29-22.47.42:277][  3]LogAssetRegistry: Asset discovery search completed in 30.1635 seconds
[2016.05.29-22.47.42:277][  3]LogCollectionManager: Rebuilt the object cache for 0 collections in 0.000001 seconds (found 0 objects)
[2016.05.29-22.47.42:277][  3]LogCollectionManager: Fixed up redirectors for 0 collections in 0.000021 seconds (updated 0 objects)
[2016.05.29-22.47.49:116][248]Cmd: QUIT_EDITOR
[2016.05.29-22.47.49:491][248]LogExit: Preparing to exit.
[2016.05.29-22.47.50:294][248]LogExit: Editor shut down
[2016.05.29-22.47.50:295][248]LogExit: Transaction tracking system shut down
[2016.05.29-22.47.50:296][248]LogParticles: Destroying 0 GPU particle simulations for FXSystem 0x0000000011F7B560
[2016.05.29-22.47.50:296][248]LogParticles: Destroying 0 GPU particle simulations for FXSystem 0x000000003047F920
[2016.05.29-22.47.50:296][248]LogParticles: Destroying 0 GPU particle simulations for FXSystem 0x00000000119FEFC0
[2016.05.29-22.47.50:296][248]LogParticles: Destroying 0 GPU particle simulations for FXSystem 0x00000000355BF4C0
[2016.05.29-22.47.50:296][248]LogParticles: Destroying 0 GPU particle simulations for FXSystem 0x00000000355BF2E0
[2016.05.29-22.47.50:426][248]LogExit: Object subsystem successfully closed.
[2016.05.29-22.47.50:440][248]LogD3D11RHI: Shutdown
[2016.05.29-22.47.50:440][248]LogD3D11RHI: CleanupD3DDevice
[2016.05.29-22.47.50:493][248]LogD3D11RHI: ~FD3D11DynamicRHI
[2016.05.29-22.47.50:528][248]LogModuleManager: Shutting down and abandoning module CrashTracker (197)
[2016.05.29-22.47.50:528][248]LogModuleManager: Shutting down and abandoning module SceneOutliner (196)
[2016.05.29-22.47.50:528][248]LogModuleManager: Shutting down and abandoning module SuperSearch (195)
[2016.05.29-22.47.50:528][248]LogModuleManager: Shutting down and abandoning module WidgetCarousel (194)
[2016.05.29-22.47.50:528][248]LogModuleManager: Shutting down and abandoning module AddContentDialog (193)
[2016.05.29-22.47.50:529][248]LogModuleManager: Shutting down and abandoning module EditorWidgets (192)
[2016.05.29-22.47.50:529][248]LogModuleManager: Shutting down and abandoning module CollectionManager (191)
[2016.05.29-22.47.50:530][248]LogModuleManager: Shutting down and abandoning module StatsViewer (190)
[2016.05.29-22.47.50:530][248]LogModuleManager: Shutting down and abandoning module FoliageEdit (189)
[2016.05.29-22.47.50:530][248]LogModuleManager: Shutting down and abandoning module LandscapeEditor (188)
[2016.05.29-22.47.50:530][248]LogModuleManager: Shutting down and abandoning module ActorPickerMode (187)
[2016.05.29-22.47.50:530][248]LogModuleManager: Shutting down and abandoning module GeometryMode (186)
[2016.05.29-22.47.50:530][248]LogModuleManager: Shutting down and abandoning module TextureAlignMode (185)
[2016.05.29-22.47.50:530][248]LogModuleManager: Shutting down and abandoning module BspMode (184)
[2016.05.29-22.47.50:530][248]LogModuleManager: Shutting down and abandoning module PlacementMode (183)
[2016.05.29-22.47.50:530][248]LogModuleManager: Shutting down and abandoning module AutomationWorker (182)
[2016.05.29-22.47.50:530][248]LogModuleManager: Shutting down and abandoning module CharacterAI (181)
[2016.05.29-22.47.50:530][248]LogModuleManager: Shutting down and abandoning module SmartSnapping (180)
[2016.05.29-22.47.50:530][248]LogModuleManager: Shutting down and abandoning module ViewportSnapping (179)
[2016.05.29-22.47.50:530][248]LogModuleManager: Shutting down and abandoning module LogVisualizer (178)
[2016.05.29-22.47.50:530][248]LogModuleManager: Shutting down and abandoning module GameProjectGeneration (177)
[2016.05.29-22.47.50:530][248]LogModuleManager: Shutting down and abandoning module IntroTutorials (176)
[2016.05.29-22.47.50:530][248]LogModuleManager: Shutting down and abandoning module EditorLiveStreaming (175)
[2016.05.29-22.47.50:530][248]LogModuleManager: Shutting down and abandoning module IOSPlatformEditor (174)
[2016.05.29-22.47.50:530][248]LogModuleManager: Shutting down and abandoning module HTML5PlatformEditor (173)
[2016.05.29-22.47.50:530][248]LogModuleManager: Shutting down and abandoning module AndroidDeviceDetection (172)
[2016.05.29-22.47.51:459][248]LogModuleManager: Shutting down and abandoning module AndroidPlatformEditor (171)
[2016.05.29-22.47.51:459][248]LogModuleManager: Shutting down and abandoning module IOSRuntimeSettings (170)
[2016.05.29-22.47.51:459][248]LogModuleManager: Shutting down and abandoning module AndroidRuntimeSettings (169)
[2016.05.29-22.47.51:459][248]LogModuleManager: Shutting down and abandoning module MergeActors (168)
[2016.05.29-22.47.51:459][248]LogModuleManager: Shutting down and abandoning module SizeMap (167)
[2016.05.29-22.47.51:459][248]LogModuleManager: Shutting down and abandoning module TreeMap (166)
[2016.05.29-22.47.51:459][248]LogModuleManager: Shutting down and abandoning module ReferenceViewer (165)
[2016.05.29-22.47.51:459][248]LogModuleManager: Shutting down and abandoning module LocalizationService (164)
[2016.05.29-22.47.51:459][248]LogModuleManager: Shutting down and abandoning module LocalizationDashboard (163)
[2016.05.29-22.47.51:459][248]LogModuleManager: Shutting down and abandoning module HardwareTargeting (162)
[2016.05.29-22.47.51:459][248]LogModuleManager: Shutting down and abandoning module DeviceProfileEditor (161)
[2016.05.29-22.47.51:459][248]LogModuleManager: Shutting down and abandoning module UndoHistory (160)
[2016.05.29-22.47.51:459][248]LogModuleManager: Shutting down and abandoning module GameplayTagsEditor (159)
[2016.05.29-22.47.51:459][248]LogModuleManager: Shutting down and abandoning module UserFeedback (158)
[2016.05.29-22.47.51:459][248]LogModuleManager: Shutting down and abandoning module XmlParser (157)
[2016.05.29-22.47.51:459][248]LogModuleManager: Shutting down and abandoning module Blutility (156)
[2016.05.29-22.47.51:459][248]LogModuleManager: Shutting down and abandoning module ProjectTargetPlatformEditor (155)
[2016.05.29-22.47.51:459][248]LogModuleManager: Shutting down and abandoning module ProjectSettingsViewer (154)
[2016.05.29-22.47.51:459][248]LogModuleManager: Shutting down and abandoning module InputBindingEditor (153)
[2016.05.29-22.47.51:459][248]LogModuleManager: Shutting down and abandoning module EditorSettingsViewer (152)
[2016.05.29-22.47.51:459][248]LogModuleManager: Shutting down and abandoning module SettingsEditor (151)
[2016.05.29-22.47.51:459][248]LogModuleManager: Shutting down and abandoning module ProjectLauncher (150)
[2016.05.29-22.47.51:459][248]LogModuleManager: Shutting down and abandoning module SessionFrontend (149)
[2016.05.29-22.47.51:459][248]LogModuleManager: Shutting down and abandoning module ProfilerClient (148)
[2016.05.29-22.47.51:459][248]LogModuleManager: Shutting down and abandoning module TargetDeviceServices (147)
[2016.05.29-22.47.51:459][248]LogModuleManager: Shutting down and abandoning module DeviceManager (146)
[2016.05.29-22.47.51:460][248]LogModuleManager: Shutting down and abandoning module AutomationController (145)
[2016.05.29-22.47.51:460][248]LogModuleManager: Shutting down and abandoning module AutomationWindow (144)
[2016.05.29-22.47.51:460][248]LogModuleManager: Shutting down and abandoning module Layers (143)
[2016.05.29-22.47.51:460][248]LogModuleManager: Shutting down and abandoning module ComponentVisualizers (142)
[2016.05.29-22.47.51:460][248]LogModuleManager: Shutting down and abandoning module DetailCustomizations (141)
[2016.05.29-22.47.51:460][248]LogModuleManager: Shutting down and abandoning module PackagesDialog (140)
[2016.05.29-22.47.51:460][248]LogModuleManager: Shutting down and abandoning module Persona (139)
[2016.05.29-22.47.51:460][248]LogModuleManager: Shutting down and abandoning module Kismet (138)
[2016.05.29-22.47.51:460][248]LogModuleManager: Shutting down and abandoning module GraphEditor (137)
[2016.05.29-22.47.51:460][248]LogModuleManager: Shutting down and abandoning module ClassViewer (136)
[2016.05.29-22.47.51:460][248]LogModuleManager: Shutting down and abandoning module Toolbox (135)
[2016.05.29-22.47.51:460][248]LogModuleManager: Shutting down and abandoning module ModuleUI (134)
[2016.05.29-22.47.51:460][248]LogModuleManager: Shutting down and abandoning module MovieSceneTools (133)
[2016.05.29-22.47.51:460][248]LogModuleManager: Shutting down and abandoning module OutputLog (132)
[2016.05.29-22.47.51:460][248]LogModuleManager: Shutting down and abandoning module GammaUI (131)
[2016.05.29-22.47.51:460][248]LogModuleManager: Shutting down and abandoning module Documentation (130)
[2016.05.29-22.47.51:460][248]LogModuleManager: Shutting down and abandoning module GameLiveStreaming (129)
[2016.05.29-22.47.51:460][248]LogModuleManager: Shutting down and abandoning module StreamingPauseRendering (128)
[2016.05.29-22.47.51:460][248]LogModuleManager: Shutting down and abandoning module AnalyticsET (127)
[2016.05.29-22.47.51:460][248]LogModuleManager: Shutting down and abandoning module Analytics (126)
[2016.05.29-22.47.51:460][248]LogModuleManager: Shutting down and abandoning module AITestSuite (125)
[2016.05.29-22.47.51:460][248]LogModuleManager: Shutting down and abandoning module GameplayDebugger (124)
[2016.05.29-22.47.51:461][248]LogModuleManager: Shutting down and abandoning module AIModule (123)
[2016.05.29-22.47.51:461][248]LogModuleManager: Shutting down and abandoning module ProfilerService (122)
[2016.05.29-22.47.51:646][248]LogModuleManager: Shutting down and abandoning module TaskGraph (121)
[2016.05.29-22.47.51:646][248]LogModuleManager: Shutting down and abandoning module SlateRemote (120)
[2016.05.29-22.47.51:646][248]LogModuleManager: Shutting down and abandoning module SteamVRController (119)
[2016.05.29-22.47.51:646][248]LogModuleManager: Shutting down and abandoning module SteamVR (118)
[2016.05.29-22.47.51:646][248]LogModuleManager: Shutting down and abandoning module ProceduralMeshComponent (117)
[2016.05.29-22.47.51:646][248]LogModuleManager: Shutting down and abandoning module OculusRift (116)
[2016.05.29-22.47.51:646][248]LogModuleManager: Shutting down and abandoning module OculusLibrary (115)
[2016.05.29-22.47.51:646][248]LogModuleManager: Shutting down and abandoning module LeapMotionController (114)
[2016.05.29-22.47.51:659][248]LogModuleManager: Shutting down and abandoning module CustomMeshComponent (113)
[2016.05.29-22.47.51:659][248]LogModuleManager: Shutting down and abandoning module CableComponent (112)
[2016.05.29-22.47.51:659][248]LogModuleManager: Shutting down and abandoning module ArchVisCharacter (111)
[2016.05.29-22.47.51:659][248]LogModuleManager: Shutting down and abandoning module MessagingDebugger (110)
[2016.05.29-22.47.51:659][248]LogModuleManager: Shutting down and abandoning module MediaPlayerEditor (109)
[2016.05.29-22.47.51:659][248]LogModuleManager: Shutting down and abandoning module HTML5Networking (108)
[2016.05.29-22.47.51:659][248]LogModuleManager: Shutting down and abandoning module SpeedTreeImporter (107)
[2016.05.29-22.47.51:659][248]LogModuleManager: Shutting down and abandoning module PluginBrowser (106)
[2016.05.29-22.47.51:659][248]LogModuleManager: Shutting down and abandoning module EpicSurvey (105)
[2016.05.29-22.47.51:659][248]LogModuleManager: Shutting down and abandoning module DesktopPlatform (104)
[2016.05.29-22.47.51:659][248]LogModuleManager: Shutting down and abandoning module VisualStudioSourceCodeAccess (103)
[2016.05.29-22.47.51:659][248]LogModuleManager: Shutting down and abandoning module UObjectPlugin (102)
[2016.05.29-22.47.51:659][248]LogModuleManager: Shutting down and abandoning module SubversionSourceControl (101)
[2016.05.29-22.47.51:659][248]LogModuleManager: Shutting down and abandoning module PerforceSourceControl (100)
[2016.05.29-22.47.51:659][248]LogModuleManager: Shutting down and abandoning module SourceControl (99)
[2016.05.29-22.47.51:659][248]LogModuleManager: Shutting down and abandoning module GitSourceControl (98)
[2016.05.29-22.47.51:659][248]LogModuleManager: Shutting down and abandoning module LightPropagationVolumeEditor (97)
[2016.05.29-22.47.51:659][248]LogModuleManager: Shutting down and abandoning module PaperTiledImporter (96)
[2016.05.29-22.47.51:659][248]LogModuleManager: Shutting down and abandoning module PaperSpriteSheetImporter (95)
[2016.05.29-22.47.51:659][248]LogModuleManager: Shutting down and abandoning module MeshPaint (94)
[2016.05.29-22.47.51:659][248]LogModuleManager: Shutting down and abandoning module SlateReflector (93)
[2016.05.29-22.47.51:659][248]LogModuleManager: Shutting down and abandoning module HotReload (92)
[2016.05.29-22.47.51:659][248]LogModuleManager: Shutting down and abandoning module MainFrame (91)
[2016.05.29-22.47.51:659][248]LogModuleManager: Shutting down and abandoning module LevelEditor (90)
[2016.05.29-22.47.51:660][248]LogModuleManager: Shutting down and abandoning module DirectoryWatcher (89)
[2016.05.29-22.47.51:661][248]LogModuleManager: Shutting down and abandoning module AssetRegistry (88)
[2016.05.29-22.47.51:718][248]LogModuleManager: Shutting down and abandoning module ContentBrowser (87)
[2016.05.29-22.47.51:719][248]LogModuleManager: Shutting down and abandoning module Paper2DEditor (86)
[2016.05.29-22.47.51:719][248]LogModuleManager: Shutting down and abandoning module UdpMessaging (85)
[2016.05.29-22.47.51:819][248]LogModuleManager: Shutting down and abandoning module LightPropagationVolumeRuntime (84)
[2016.05.29-22.47.51:819][248]LogModuleManager: Shutting down and abandoning module Paper2D (83)
[2016.05.29-22.47.51:819][248]LogModuleManager: Shutting down and abandoning module WindowsMoviePlayer (82)
[2016.05.29-22.47.51:822][248]LogModuleManager: Shutting down and abandoning module Media (81)
[2016.05.29-22.47.51:822][248]LogModuleManager: Shutting down and abandoning module WmfMedia (80)
[2016.05.29-22.47.51:854][248]LogModuleManager: Shutting down and abandoning module OnlineBlueprintSupport (79)
[2016.05.29-22.47.51:854][248]LogModuleManager: Shutting down and abandoning module GameplayTasksEditor (78)
[2016.05.29-22.47.51:854][248]LogModuleManager: Shutting down and abandoning module PropertyEditor (77)
[2016.05.29-22.47.51:854][248]LogModuleManager: Shutting down and abandoning module BehaviorTreeEditor (76)
[2016.05.29-22.47.51:854][248]LogModuleManager: Shutting down and abandoning module FunctionalTesting (75)
[2016.05.29-22.47.51:854][248]LogModuleManager: Shutting down and abandoning module CollisionAnalyzer (74)
[2016.05.29-22.47.51:854][248]LogModuleManager: Shutting down and abandoning module WorkspaceMenuStructure (73)
[2016.05.29-22.47.51:854][248]LogModuleManager: Shutting down and abandoning module MessageLog (72)
[2016.05.29-22.47.51:854][248]LogModuleManager: Shutting down and abandoning module Sequencer (71)
[2016.05.29-22.47.51:854][248]LogModuleManager: Shutting down and abandoning module AssetTools (70)
[2016.05.29-22.47.51:854][248]LogModuleManager: Shutting down and abandoning module UMGEditor (69)
[2016.05.29-22.47.51:854][248]LogModuleManager: Shutting down and abandoning module UMG (68)
[2016.05.29-22.47.51:854][248]LogModuleManager: Shutting down and abandoning module Slate (67)
[2016.05.29-22.47.51:854][248]LogModuleManager: Shutting down and abandoning module EditorStyle (66)
[2016.05.29-22.47.51:857][248]LogModuleManager: Shutting down and abandoning module SessionServices (65)
[2016.05.29-22.47.51:857][248]LogModuleManager: Shutting down and abandoning module SourceCodeAccess (64)
[2016.05.29-22.47.51:857][248]LogModuleManager: Shutting down and abandoning module HeadMountedDisplay (63)
[2016.05.29-22.47.51:857][248]LogModuleManager: Shutting down and abandoning module XAudio2 (62)
[2016.05.29-22.47.51:857][248]LogModuleManager: Shutting down and abandoning module Networking (60)
[2016.05.29-22.47.51:857][248]LogModuleManager: Shutting down and abandoning module Core (59)
[2016.05.29-22.47.51:857][248]LogModuleManager: Shutting down and abandoning module KismetCompiler (58)
[2016.05.29-22.47.51:857][248]LogModuleManager: Shutting down and abandoning module PhysXFormats (57)
[2016.05.29-22.47.51:857][248]LogModuleManager: Shutting down and abandoning module MeshUtilities (56)
[2016.05.29-22.47.51:857][248]LogModuleManager: Shutting down and abandoning module CookingStats (55)
[2016.05.29-22.47.51:858][248]LogModuleManager: Shutting down and abandoning module DerivedDataCache (54)
[2016.05.29-22.47.52:370][248]LogDerivedDataCache: Shutdown
[2016.05.29-22.47.52:370][248]LogModuleManager: Shutting down and abandoning module ShaderFormatOpenGL (53)
[2016.05.29-22.47.52:370][248]LogModuleManager: Shutting down and abandoning module ShaderFormatD3D (52)
[2016.05.29-22.47.52:370][248]LogModuleManager: Shutting down and abandoning module MetalShaderFormat (51)
[2016.05.29-22.47.52:370][248]LogModuleManager: Shutting down and abandoning module TextureFormatUncompressed (50)
[2016.05.29-22.47.52:370][248]LogModuleManager: Shutting down and abandoning module TextureFormatPVR (49)
[2016.05.29-22.47.52:370][248]LogModuleManager: Shutting down and abandoning module TextureFormatIntelISPCTexComp (48)
[2016.05.29-22.47.52:370][248]LogModuleManager: Shutting down and abandoning module TextureFormatDXT (47)
[2016.05.29-22.47.52:370][248]LogModuleManager: Shutting down and abandoning module ImageWrapper (46)
[2016.05.29-22.47.52:370][248]LogModuleManager: Shutting down and abandoning module TextureFormatASTC (45)
[2016.05.29-22.47.52:370][248]LogModuleManager: Shutting down and abandoning module TextureFormatAndroid (44)
[2016.05.29-22.47.52:370][248]LogModuleManager: Shutting down and abandoning module AudioFormatOpus (43)
[2016.05.29-22.47.52:370][248]LogModuleManager: Shutting down and abandoning module AudioFormatOgg (42)
[2016.05.29-22.47.52:370][248]LogModuleManager: Shutting down and abandoning module AudioFormatADPCM (41)
[2016.05.29-22.47.52:370][248]LogModuleManager: Shutting down and abandoning module LinuxTargetPlatform (40)
[2016.05.29-22.47.52:370][248]LogModuleManager: Shutting down and abandoning module LinuxServerTargetPlatform (39)
[2016.05.29-22.47.52:370][248]LogModuleManager: Shutting down and abandoning module LinuxNoEditorTargetPlatform (38)
[2016.05.29-22.47.52:370][248]LogModuleManager: Shutting down and abandoning module Messaging (37)
[2016.05.29-22.47.52:370][248]LogModuleManager: Shutting down and abandoning module IOSTargetPlatform (36)
[2016.05.29-22.47.52:371][248]LogModuleManager: Shutting down and abandoning module HTML5TargetPlatform (35)
[2016.05.29-22.47.52:371][248]LogModuleManager: Shutting down and abandoning module Android_PVRTCTargetPlatform (34)
[2016.05.29-22.47.52:371][248]LogModuleManager: Shutting down and abandoning module Android_ETC2TargetPlatform (33)
[2016.05.29-22.47.52:371][248]LogModuleManager: Shutting down and abandoning module Android_ETC1TargetPlatform (32)
[2016.05.29-22.47.52:371][248]LogModuleManager: Shutting down and abandoning module Android_DXTTargetPlatform (31)
[2016.05.29-22.47.52:371][248]LogModuleManager: Shutting down and abandoning module Android_ATCTargetPlatform (30)
[2016.05.29-22.47.52:371][248]LogModuleManager: Shutting down and abandoning module Android_ASTCTargetPlatform (29)
[2016.05.29-22.47.52:371][248]LogModuleManager: Shutting down and abandoning module AndroidTargetPlatform (28)
[2016.05.29-22.47.52:371][248]LogModuleManager: Shutting down and abandoning module WindowsTargetPlatform (27)
[2016.05.29-22.47.52:371][248]LogModuleManager: Shutting down and abandoning module WindowsServerTargetPlatform (26)
[2016.05.29-22.47.52:371][248]LogModuleManager: Shutting down and abandoning module WindowsNoEditorTargetPlatform (25)
[2016.05.29-22.47.52:371][248]LogModuleManager: Shutting down and abandoning module WindowsClientTargetPlatform (24)
[2016.05.29-22.47.52:371][248]LogModuleManager: Shutting down and abandoning module AllDesktopTargetPlatform (23)
[2016.05.29-22.47.52:371][248]LogModuleManager: Shutting down and abandoning module TargetPlatform (22)
[2016.05.29-22.47.52:371][248]LogModuleManager: Shutting down and abandoning module InputCore (21)
[2016.05.29-22.47.52:371][248]LogModuleManager: Shutting down and abandoning module Settings (20)
[2016.05.29-22.47.52:371][248]LogModuleManager: Shutting down and abandoning module OnlineSubsystem (18)
[2016.05.29-22.47.52:371][248]LogModuleManager: Shutting down and abandoning module HTTP (17)
[2016.05.29-22.47.54:372][248]LogModuleManager: Shutting down and abandoning module XMPP (16)
[2016.05.29-22.47.54:372][248]LogModuleManager: Shutting down and abandoning module ExampleDeviceProfileSelector (15)
[2016.05.29-22.47.54:372][248]LogModuleManager: Shutting down and abandoning module TextureCompressor (14)
[2016.05.29-22.47.54:372][248]LogModuleManager: Shutting down and abandoning module ShaderCore (13)
[2016.05.29-22.47.54:372][248]LogModuleManager: Shutting down and abandoning module Landscape (12)
[2016.05.29-22.47.54:372][248]LogModuleManager: Shutting down and abandoning module SlateRHIRenderer (11)
[2016.05.29-22.47.54:372][248]LogModuleManager: Shutting down and abandoning module OpenGLDrv (10)
[2016.05.29-22.47.54:373][248]LogModuleManager: Shutting down and abandoning module D3D11RHI (9)
[2016.05.29-22.47.54:373][248]LogModuleManager: Shutting down and abandoning module AnimGraphRuntime (8)
[2016.05.29-22.47.54:373][248]LogModuleManager: Shutting down and abandoning module Renderer (7)
[2016.05.29-22.47.54:373][248]LogModuleManager: Shutting down and abandoning module Engine (6)
[2016.05.29-22.47.54:373][248]LogModuleManager: Shutting down and abandoning module CoreUObject (5)
[2016.05.29-22.47.54:373][248]LogModuleManager: Shutting down and abandoning module NetworkFile (4)
[2016.05.29-22.47.54:373][248]LogModuleManager: Shutting down and abandoning module StreamingFile (3)
[2016.05.29-22.47.54:373][248]LogModuleManager: Shutting down and abandoning module SandboxFile (2)
[2016.05.29-22.47.54:373][248]LogModuleManager: Shutting down and abandoning module PakFile (1)
[2016.05.29-22.47.54:373][248]LogExit: Exiting.
[2016.05.29-22.47.54:391][248]Log file closed, 05/29/16 18:47:54
